<?xml version="1.0" encoding="UTF-8"?>
<!-- Generated by org.testng.reporters.JUnitReportReporter -->
<testsuite hostname="stephanies-mbp.lan" failures="0" tests="1" name="udhlLogin.loginSuccess" time="10.020" errors="0" timestamp="2023-07-26T08:20:02 CDT" skipped="0">
  <testcase classname="udhlLogin.loginSuccess" name="inputUserValid" time="10.020"/>
</testsuite> <!-- udhlLogin.loginSuccess -->
