<?xml version="1.0" encoding="UTF-8"?>
<!-- Generated by org.testng.reporters.JUnitReportReporter -->
<testsuite hostname="stephanies-mbp.lan" failures="0" tests="13" name="udhlLoginTestCases.LoginSuccessTests" time="86.960" errors="0" timestamp="2023-07-27T20:12:21 CDT" skipped="0">
  <testcase classname="udhlLoginTestCases.LoginSuccessTests" name="loginUserEmailAllCaps" time="11.504"/>
  <testcase classname="udhlLoginTestCases.LoginSuccessTests" name="validateCreateAcctBtm" time="1.475"/>
  <testcase classname="udhlLoginTestCases.LoginSuccessTests" name="validateNoAcctText" time="2.588"/>
  <testcase classname="udhlLoginTestCases.LoginSuccessTests" name="loginValidateEmailAllCaps" time="9.264"/>
  <testcase classname="udhlLoginTestCases.LoginSuccessTests" name="loginValidUser" time="13.909"/>
  <testcase classname="udhlLoginTestCases.LoginSuccessTests" name="loginValidUserLogout" time="9.943"/>
  <testcase classname="udhlLoginTestCases.LoginSuccessTests" name="clickApple" time="7.419"/>
  <testcase classname="udhlLoginTestCases.LoginSuccessTests" name="clickForgotPW" time="2.315"/>
  <testcase classname="udhlLoginTestCases.LoginSuccessTests" name="clickGoogle" time="4.047"/>
  <testcase classname="udhlLoginTestCases.LoginSuccessTests" name="loginValidateEmail" time="7.977"/>
  <testcase classname="udhlLoginTestCases.LoginSuccessTests" name="validateCreateAcctTop" time="1.426"/>
  <testcase classname="udhlLoginTestCases.LoginSuccessTests" name="clickFacebook" time="5.102"/>
  <testcase classname="udhlLoginTestCases.LoginSuccessTests" name="validateAvatarInitials" time="9.991"/>
</testsuite> <!-- udhlLoginTestCases.LoginSuccessTests -->
