<?xml version="1.0" encoding="UTF-8"?>
<!-- Generated by org.testng.reporters.JUnitReportReporter -->
<testsuite hostname="stephanies-mbp.lan" failures="0" tests="1" name="hudlLoginTestCases.CreateAcctLoginTest" time="9.306" errors="0" timestamp="2023-07-28T17:03:30 CDT" skipped="0">
  <testcase classname="hudlLoginTestCases.CreateAcctLoginTest" name="loginFromCreateAcctPage" time="9.306"/>
</testsuite> <!-- hudlLoginTestCases.CreateAcctLoginTest -->
