<?xml version="1.0" encoding="UTF-8"?>
<!-- Generated by org.testng.reporters.JUnitReportReporter -->
<testsuite hostname="stephanies-mbp.lan" failures="0" tests="8" name="udhlLoginTestCases.InvalidUserTest" time="54.671" errors="0" timestamp="2023-07-27T20:15:33 CDT" skipped="0">
  <testcase classname="udhlLoginTestCases.InvalidUserTest" name="invalidPasswordValidEmail" time="7.321"/>
  <testcase classname="udhlLoginTestCases.InvalidUserTest" name="emptyPassword" time="4.476"/>
  <testcase classname="udhlLoginTestCases.InvalidUserTest" name="emptyFields" time="5.303"/>
  <testcase classname="udhlLoginTestCases.InvalidUserTest" name="inputUserInValid" time="4.943"/>
  <testcase classname="udhlLoginTestCases.InvalidUserTest" name="invalidEmailFormat" time="9.568"/>
  <testcase classname="udhlLoginTestCases.InvalidUserTest" name="validPasswordUCValidEmail" time="7.414"/>
  <testcase classname="udhlLoginTestCases.InvalidUserTest" name="emptyEmail" time="9.306"/>
  <testcase classname="udhlLoginTestCases.InvalidUserTest" name="inputUserInValidPW" time="6.340"/>
</testsuite> <!-- udhlLoginTestCases.InvalidUserTest -->
