<?xml version="1.0" encoding="UTF-8"?>
<!-- Generated by org.testng.reporters.JUnitReportReporter -->
<testsuite hostname="stephanies-mbp.lan" failures="0" tests="8" name="hudlLoginTestCases.InvalidUserTest" time="56.409" errors="0" timestamp="2023-07-28T16:27:46 CDT" skipped="0">
  <testcase classname="hudlLoginTestCases.InvalidUserTest" name="emptyFields" time="8.224"/>
  <testcase classname="hudlLoginTestCases.InvalidUserTest" name="inputUserInValidPW" time="4.719"/>
  <testcase classname="hudlLoginTestCases.InvalidUserTest" name="emptyEmail" time="10.228"/>
  <testcase classname="hudlLoginTestCases.InvalidUserTest" name="inputUserInValid" time="4.388"/>
  <testcase classname="hudlLoginTestCases.InvalidUserTest" name="emptyPassword" time="4.476"/>
  <testcase classname="hudlLoginTestCases.InvalidUserTest" name="invalidEmailFormat" time="9.347"/>
  <testcase classname="hudlLoginTestCases.InvalidUserTest" name="invalidPasswordValidEmail" time="7.303"/>
  <testcase classname="hudlLoginTestCases.InvalidUserTest" name="validPasswordUCValidEmail" time="7.724"/>
</testsuite> <!-- hudlLoginTestCases.InvalidUserTest -->
